j:\facultate\an 3\pg\proiect pg\proiectpg\proiectpg\x64\release\vc142.pdb
j:\facultate\an 3\pg\proiect pg\proiectpg\proiectpg\x64\release\window.obj
j:\facultate\an 3\pg\proiect pg\proiectpg\proiectpg\x64\release\tiny_obj_loader.obj
j:\facultate\an 3\pg\proiect pg\proiectpg\proiectpg\x64\release\stb_image.obj
j:\facultate\an 3\pg\proiect pg\proiectpg\proiectpg\x64\release\shader.obj
j:\facultate\an 3\pg\proiect pg\proiectpg\proiectpg\x64\release\model3d.obj
j:\facultate\an 3\pg\proiect pg\proiectpg\proiectpg\x64\release\mesh.obj
j:\facultate\an 3\pg\proiect pg\proiectpg\proiectpg\x64\release\main.obj
j:\facultate\an 3\pg\proiect pg\proiectpg\proiectpg\x64\release\camera.obj
j:\facultate\an 3\pg\proiect pg\proiectpg\x64\release\proiectpg.exe
j:\facultate\an 3\pg\proiect pg\proiectpg\x64\release\proiectpg.pdb
j:\facultate\an 3\pg\proiect pg\proiectpg\x64\release\proiectpg.ipdb
j:\facultate\an 3\pg\proiect pg\proiectpg\x64\release\proiectpg.iobj
j:\facultate\an 3\pg\proiect pg\proiectpg\proiectpg\x64\release\proiectpg.tlog\cl.command.1.tlog
j:\facultate\an 3\pg\proiect pg\proiectpg\proiectpg\x64\release\proiectpg.tlog\cl.read.1.tlog
j:\facultate\an 3\pg\proiect pg\proiectpg\proiectpg\x64\release\proiectpg.tlog\cl.write.1.tlog
j:\facultate\an 3\pg\proiect pg\proiectpg\proiectpg\x64\release\proiectpg.tlog\link.command.1.tlog
j:\facultate\an 3\pg\proiect pg\proiectpg\proiectpg\x64\release\proiectpg.tlog\link.read.1.tlog
j:\facultate\an 3\pg\proiect pg\proiectpg\proiectpg\x64\release\proiectpg.tlog\link.write.1.tlog
j:\facultate\an 3\pg\proiect pg\proiectpg\proiectpg\x64\release\proiectpg.tlog\proiectpg.write.1u.tlog
